<?xml version="1.0" encoding="UTF-8"?>
<!-- Generated by org.testng.reporters.JUnitReportReporter -->
<testsuite hostname="LAPTOP-EU9OVVSS" failures="0" tests="1" name="test.cases.DataDrivenTest" time="10.638" errors="0" timestamp="2023-09-17T15:09:13 ICT" skipped="0">
  <testcase classname="test.cases.DataDrivenTest" name="dataDrivenTest" time="10.638"/>
  <system-out/>
</testsuite> <!-- test.cases.DataDrivenTest -->
